

***********************************************************************
Fatal NI connect error 12170.

  VERSION INFORMATION:
	TNS for 32-bit Windows: Version 10.2.0.1.0 - Production
	Windows NT TCP/IP NT Protocol Adapter for 32-bit Windows: Version 10.2.0.1.0 - Production
  Time: 13-FEB-2013 10:11:22
  Tracing not turned on.
  Tns error struct:
    ns main err code: 12535
    TNS-12535: TNS:timeout de la operación
    ns secondary err code: 12560
    nt main err code: 505
    TNS-00505: Timeout de la operación
    nt secondary err code: 60
    nt OS err code: 0
  Client address: <unknown>


***********************************************************************
Fatal NI connect error 12170.

  VERSION INFORMATION:
	TNS for 32-bit Windows: Version 10.2.0.1.0 - Production
	Windows NT TCP/IP NT Protocol Adapter for 32-bit Windows: Version 10.2.0.1.0 - Production
  Time: 03-ABR-2013 11:21:44
  Tracing not turned on.
  Tns error struct:
    ns main err code: 12535
    TNS-12535: TNS:timeout de la operación
    ns secondary err code: 12560
    nt main err code: 505
    TNS-00505: Timeout de la operación
    nt secondary err code: 60
    nt OS err code: 0
  Client address: <unknown>


***********************************************************************
Fatal NI connect error 12541, connecting to:
 (DESCRIPTION=(ADDRESS=(PROTOCOL=TCP)(HOST=rpenprod.bdd.pjud)(PORT=1524))(CONNECT_DATA=(SERVICE_NAME=RPENPROD)(CID=(PROGRAM=C:\PHP\php-cgi.exe)(HOST=MMUJICA)(USER=SYSTEM))))

  VERSION INFORMATION:
	TNS for 32-bit Windows: Version 10.2.0.1.0 - Production
	Windows NT TCP/IP NT Protocol Adapter for 32-bit Windows: Version 10.2.0.1.0 - Production
  Time: 24-ABR-2013 22:09:27
  Tracing not turned on.
  Tns error struct:
    ns main err code: 12541
    TNS-12541: TNS:no hay ningún listener
    ns secondary err code: 12560
    nt main err code: 511
    TNS-00511: No hay ningún listener
    nt secondary err code: 61
    nt OS err code: 0
